<?xml version="1.0" encoding="UTF-8"?>
<!-- Generated by org.testng.reporters.JUnitXMLReporter -->
<testsuite hostname="Dell-PC" name="Default test" tests="2" failures="0" timestamp="21 Jul 2021 09:06:00 GMT" time="13.623" errors="0">
  <testcase name="login" time="0.0" classname="com.testng.Adactin">
    <skipped/>
  </testcase> <!-- login -->
  <testcase name="searchHotel" time="0.0" classname="com.testng.Adactin">
    <skipped/>
  </testcase> <!-- searchHotel -->
</testsuite> <!-- Default test -->
